e:\ivan\engine\engine\engine\engine\debug\vc142.pdb
e:\ivan\engine\engine\engine\engine\debug\vc142.idb
e:\ivan\engine\engine\engine\engine\debug\window.obj
e:\ivan\engine\engine\engine\engine\debug\triangle.obj
e:\ivan\engine\engine\engine\engine\debug\tilemap.obj
e:\ivan\engine\engine\engine\engine\debug\tile.obj
e:\ivan\engine\engine\engine\engine\debug\textureimporter.obj
e:\ivan\engine\engine\engine\engine\debug\texturedefine.obj
e:\ivan\engine\engine\engine\engine\debug\sprite.obj
e:\ivan\engine\engine\engine\engine\debug\renderer.obj
e:\ivan\engine\engine\engine\engine\debug\material.obj
e:\ivan\engine\engine\engine\engine\debug\input.obj
e:\ivan\engine\engine\engine\engine\debug\entity2d.obj
e:\ivan\engine\engine\engine\engine\debug\entity.obj
e:\ivan\engine\engine\engine\engine\debug\colorlist.obj
e:\ivan\engine\engine\engine\engine\debug\color.obj
e:\ivan\engine\engine\engine\engine\debug\collisionmanager.obj
e:\ivan\engine\engine\engine\engine\debug\basegame.obj
e:\ivan\engine\engine\engine\engine\debug\animation.obj
e:\ivan\engine\engine\engine\debug\engine.pdb
e:\ivan\engine\engine\engine\engine\debug\engine.tlog\cl.command.1.tlog
e:\ivan\engine\engine\engine\engine\debug\engine.tlog\cl.read.1.tlog
e:\ivan\engine\engine\engine\engine\debug\engine.tlog\cl.write.1.tlog
e:\ivan\engine\engine\engine\engine\debug\engine.tlog\link-cvtres.read.1.tlog
e:\ivan\engine\engine\engine\engine\debug\engine.tlog\link-cvtres.write.1.tlog
e:\ivan\engine\engine\engine\engine\debug\engine.tlog\link-rc.read.1.tlog
e:\ivan\engine\engine\engine\engine\debug\engine.tlog\link-rc.write.1.tlog
e:\ivan\engine\engine\engine\engine\debug\engine.tlog\link.command.1.tlog
e:\ivan\engine\engine\engine\engine\debug\engine.tlog\link.read.1.tlog
e:\ivan\engine\engine\engine\engine\debug\engine.tlog\link.write.1.tlog
