  Animation.cpp
E:\Ivan\Engine\engine\Engine\Engine\Renderer.h(38,8): warning C4251: 'Engine::Renderer::view': struct 'glm::mat<4,4,glm::f32,glm::packed_highp>' necesita tener una interfaz DLL para que la utilicen los clientes de class 'Engine::Renderer'
E:\Ivan\Engine\engine\Engine\libs\glm\fwd.hpp(518): message : vea la declaración de 'glm::mat<4,4,glm::f32,glm::packed_highp>'
E:\Ivan\Engine\engine\Engine\Engine\Renderer.h(39,8): warning C4251: 'Engine::Renderer::proj': struct 'glm::mat<4,4,glm::f32,glm::packed_highp>' necesita tener una interfaz DLL para que la utilicen los clientes de class 'Engine::Renderer'
E:\Ivan\Engine\engine\Engine\libs\glm\fwd.hpp(518): message : vea la declaración de 'glm::mat<4,4,glm::f32,glm::packed_highp>'
E:\Ivan\Engine\engine\Engine\Engine\Animation.h(13,8): warning C4251: 'Engine::Animation::imageCount': struct 'glm::vec<2,float,glm::packed_highp>' necesita tener una interfaz DLL para que la utilicen los clientes de class 'Engine::Animation'
E:\Ivan\Engine\engine\Engine\libs\glm\fwd.hpp(417): message : vea la declaración de 'glm::vec<2,float,glm::packed_highp>'
E:\Ivan\Engine\engine\Engine\Engine\Animation.h(14,8): warning C4251: 'Engine::Animation::currentImage': struct 'glm::vec<2,float,glm::packed_highp>' necesita tener una interfaz DLL para que la utilicen los clientes de class 'Engine::Animation'
E:\Ivan\Engine\engine\Engine\libs\glm\fwd.hpp(417): message : vea la declaración de 'glm::vec<2,float,glm::packed_highp>'
E:\Ivan\Engine\engine\Engine\Engine\Animation.h(15,8): warning C4251: 'Engine::Animation::finalSize': struct 'glm::vec<2,float,glm::packed_highp>' necesita tener una interfaz DLL para que la utilicen los clientes de class 'Engine::Animation'
E:\Ivan\Engine\engine\Engine\libs\glm\fwd.hpp(417): message : vea la declaración de 'glm::vec<2,float,glm::packed_highp>'
E:\Ivan\Engine\engine\Engine\Engine\Animation.h(27,8): warning C4251: 'Engine::Animation::newTexCoords': struct 'glm::vec<2,float,glm::packed_highp>' necesita tener una interfaz DLL para que la utilicen los clientes de class 'Engine::Animation'
E:\Ivan\Engine\engine\Engine\libs\glm\fwd.hpp(417): message : vea la declaración de 'glm::vec<2,float,glm::packed_highp>'
E:\Ivan\Engine\engine\Engine\Engine\Animation.cpp(39,19): warning C4244: '=': conversión de 'int' a 'T'; posible pérdida de datos
          with
          [
              T=float
          ]
E:\Ivan\Engine\engine\Engine\Engine\Animation.cpp(65,19): warning C4244: '=': conversión de 'int' a 'T'; posible pérdida de datos
          with
          [
              T=float
          ]
  BaseGame.cpp
E:\Ivan\Engine\engine\Engine\Engine\Renderer.h(38,8): warning C4251: 'Engine::Renderer::view': struct 'glm::mat<4,4,glm::f32,glm::packed_highp>' necesita tener una interfaz DLL para que la utilicen los clientes de class 'Engine::Renderer'
E:\Ivan\Engine\engine\Engine\libs\glm\fwd.hpp(518): message : vea la declaración de 'glm::mat<4,4,glm::f32,glm::packed_highp>'
E:\Ivan\Engine\engine\Engine\Engine\Renderer.h(39,8): warning C4251: 'Engine::Renderer::proj': struct 'glm::mat<4,4,glm::f32,glm::packed_highp>' necesita tener una interfaz DLL para que la utilicen los clientes de class 'Engine::Renderer'
E:\Ivan\Engine\engine\Engine\libs\glm\fwd.hpp(518): message : vea la declaración de 'glm::mat<4,4,glm::f32,glm::packed_highp>'
E:\Ivan\Engine\engine\Engine\Engine\Animation.h(13,8): warning C4251: 'Engine::Animation::imageCount': struct 'glm::vec<2,float,glm::packed_highp>' necesita tener una interfaz DLL para que la utilicen los clientes de class 'Engine::Animation'
E:\Ivan\Engine\engine\Engine\libs\glm\fwd.hpp(417): message : vea la declaración de 'glm::vec<2,float,glm::packed_highp>'
E:\Ivan\Engine\engine\Engine\Engine\Animation.h(14,8): warning C4251: 'Engine::Animation::currentImage': struct 'glm::vec<2,float,glm::packed_highp>' necesita tener una interfaz DLL para que la utilicen los clientes de class 'Engine::Animation'
E:\Ivan\Engine\engine\Engine\libs\glm\fwd.hpp(417): message : vea la declaración de 'glm::vec<2,float,glm::packed_highp>'
E:\Ivan\Engine\engine\Engine\Engine\Animation.h(15,8): warning C4251: 'Engine::Animation::finalSize': struct 'glm::vec<2,float,glm::packed_highp>' necesita tener una interfaz DLL para que la utilicen los clientes de class 'Engine::Animation'
E:\Ivan\Engine\engine\Engine\libs\glm\fwd.hpp(417): message : vea la declaración de 'glm::vec<2,float,glm::packed_highp>'
E:\Ivan\Engine\engine\Engine\Engine\Animation.h(27,8): warning C4251: 'Engine::Animation::newTexCoords': struct 'glm::vec<2,float,glm::packed_highp>' necesita tener una interfaz DLL para que la utilicen los clientes de class 'Engine::Animation'
E:\Ivan\Engine\engine\Engine\libs\glm\fwd.hpp(417): message : vea la declaración de 'glm::vec<2,float,glm::packed_highp>'
E:\Ivan\Engine\engine\Engine\Engine\Sprite.h(14,8): warning C4251: 'Engine::Sprite::spriteVertex': struct 'glm::vec<2,float,glm::packed_highp>' necesita tener una interfaz DLL para que la utilicen los clientes de class 'Engine::Sprite'
E:\Ivan\Engine\engine\Engine\libs\glm\fwd.hpp(417): message : vea la declaración de 'glm::vec<2,float,glm::packed_highp>'
E:\Ivan\Engine\engine\Engine\Engine\Tile.h(15,9): warning C4251: 'Engine::Tile::spriteVertex': struct 'glm::vec<2,float,glm::packed_highp>' necesita tener una interfaz DLL para que la utilicen los clientes de class 'Engine::Tile'
E:\Ivan\Engine\engine\Engine\libs\glm\fwd.hpp(417): message : vea la declaración de 'glm::vec<2,float,glm::packed_highp>'
E:\Ivan\Engine\engine\Engine\Engine\TileMap.h(15,17): warning C4251: 'Engine::TileMap::tiles': class 'std::vector<Engine::Sprite,std::allocator<Engine::Sprite>>' necesita tener una interfaz DLL para que la utilicen los clientes de class 'Engine::TileMap'
E:\Ivan\Engine\engine\Engine\Engine\TileMap.h(15): message : vea la declaración de 'std::vector<Engine::Sprite,std::allocator<Engine::Sprite>>'
E:\Ivan\Engine\engine\Engine\Engine\TileMap.h(16,14): warning C4251: 'Engine::TileMap::csvData': class 'std::vector<int,std::allocator<int>>' necesita tener una interfaz DLL para que la utilicen los clientes de class 'Engine::TileMap'
E:\Ivan\Engine\engine\Engine\Engine\TileMap.h(16): message : vea la declaración de 'std::vector<int,std::allocator<int>>'
E:\Ivan\Engine\engine\Engine\Engine\TileMap.h(17,15): warning C4251: 'Engine::TileMap::ID': class 'std::vector<glm::vec2,std::allocator<glm::vec2>>' necesita tener una interfaz DLL para que la utilicen los clientes de class 'Engine::TileMap'
E:\Ivan\Engine\engine\Engine\Engine\TileMap.h(17): message : vea la declaración de 'std::vector<glm::vec2,std::allocator<glm::vec2>>'
  CollisionManager.cpp
  Color.cpp
  ColorList.cpp
  Entity.cpp
  Entity2D.cpp
  Input.cpp
E:\Ivan\Engine\engine\Engine\Engine\Renderer.h(38,8): warning C4251: 'Engine::Renderer::view': struct 'glm::mat<4,4,glm::f32,glm::packed_highp>' necesita tener una interfaz DLL para que la utilicen los clientes de class 'Engine::Renderer'
E:\Ivan\Engine\engine\Engine\libs\glm\fwd.hpp(518): message : vea la declaración de 'glm::mat<4,4,glm::f32,glm::packed_highp>'
E:\Ivan\Engine\engine\Engine\Engine\Renderer.h(39,8): warning C4251: 'Engine::Renderer::proj': struct 'glm::mat<4,4,glm::f32,glm::packed_highp>' necesita tener una interfaz DLL para que la utilicen los clientes de class 'Engine::Renderer'
E:\Ivan\Engine\engine\Engine\libs\glm\fwd.hpp(518): message : vea la declaración de 'glm::mat<4,4,glm::f32,glm::packed_highp>'
  Material.cpp
E:\Ivan\Engine\engine\Engine\Engine\Renderer.h(38,8): warning C4251: 'Engine::Renderer::view': struct 'glm::mat<4,4,glm::f32,glm::packed_highp>' necesita tener una interfaz DLL para que la utilicen los clientes de class 'Engine::Renderer'
E:\Ivan\Engine\engine\Engine\libs\glm\fwd.hpp(518): message : vea la declaración de 'glm::mat<4,4,glm::f32,glm::packed_highp>'
E:\Ivan\Engine\engine\Engine\Engine\Renderer.h(39,8): warning C4251: 'Engine::Renderer::proj': struct 'glm::mat<4,4,glm::f32,glm::packed_highp>' necesita tener una interfaz DLL para que la utilicen los clientes de class 'Engine::Renderer'
E:\Ivan\Engine\engine\Engine\libs\glm\fwd.hpp(518): message : vea la declaración de 'glm::mat<4,4,glm::f32,glm::packed_highp>'
  Renderer.cpp
E:\Ivan\Engine\engine\Engine\Engine\Renderer.h(38,8): warning C4251: 'Engine::Renderer::view': struct 'glm::mat<4,4,glm::f32,glm::packed_highp>' necesita tener una interfaz DLL para que la utilicen los clientes de class 'Engine::Renderer'
E:\Ivan\Engine\engine\Engine\libs\glm\fwd.hpp(518): message : vea la declaración de 'glm::mat<4,4,glm::f32,glm::packed_highp>'
E:\Ivan\Engine\engine\Engine\Engine\Renderer.h(39,8): warning C4251: 'Engine::Renderer::proj': struct 'glm::mat<4,4,glm::f32,glm::packed_highp>' necesita tener una interfaz DLL para que la utilicen los clientes de class 'Engine::Renderer'
E:\Ivan\Engine\engine\Engine\libs\glm\fwd.hpp(518): message : vea la declaración de 'glm::mat<4,4,glm::f32,glm::packed_highp>'
E:\Ivan\Engine\engine\Engine\Engine\Animation.h(13,8): warning C4251: 'Engine::Animation::imageCount': struct 'glm::vec<2,float,glm::packed_highp>' necesita tener una interfaz DLL para que la utilicen los clientes de class 'Engine::Animation'
E:\Ivan\Engine\engine\Engine\libs\glm\fwd.hpp(417): message : vea la declaración de 'glm::vec<2,float,glm::packed_highp>'
E:\Ivan\Engine\engine\Engine\Engine\Animation.h(14,8): warning C4251: 'Engine::Animation::currentImage': struct 'glm::vec<2,float,glm::packed_highp>' necesita tener una interfaz DLL para que la utilicen los clientes de class 'Engine::Animation'
E:\Ivan\Engine\engine\Engine\libs\glm\fwd.hpp(417): message : vea la declaración de 'glm::vec<2,float,glm::packed_highp>'
E:\Ivan\Engine\engine\Engine\Engine\Animation.h(15,8): warning C4251: 'Engine::Animation::finalSize': struct 'glm::vec<2,float,glm::packed_highp>' necesita tener una interfaz DLL para que la utilicen los clientes de class 'Engine::Animation'
E:\Ivan\Engine\engine\Engine\libs\glm\fwd.hpp(417): message : vea la declaración de 'glm::vec<2,float,glm::packed_highp>'
E:\Ivan\Engine\engine\Engine\Engine\Animation.h(27,8): warning C4251: 'Engine::Animation::newTexCoords': struct 'glm::vec<2,float,glm::packed_highp>' necesita tener una interfaz DLL para que la utilicen los clientes de class 'Engine::Animation'
E:\Ivan\Engine\engine\Engine\libs\glm\fwd.hpp(417): message : vea la declaración de 'glm::vec<2,float,glm::packed_highp>'
E:\Ivan\Engine\engine\Engine\Engine\Sprite.h(14,8): warning C4251: 'Engine::Sprite::spriteVertex': struct 'glm::vec<2,float,glm::packed_highp>' necesita tener una interfaz DLL para que la utilicen los clientes de class 'Engine::Sprite'
E:\Ivan\Engine\engine\Engine\libs\glm\fwd.hpp(417): message : vea la declaración de 'glm::vec<2,float,glm::packed_highp>'
E:\Ivan\Engine\engine\Engine\Engine\Tile.h(15,9): warning C4251: 'Engine::Tile::spriteVertex': struct 'glm::vec<2,float,glm::packed_highp>' necesita tener una interfaz DLL para que la utilicen los clientes de class 'Engine::Tile'
E:\Ivan\Engine\engine\Engine\libs\glm\fwd.hpp(417): message : vea la declaración de 'glm::vec<2,float,glm::packed_highp>'
E:\Ivan\Engine\engine\Engine\Engine\TileMap.h(15,17): warning C4251: 'Engine::TileMap::tiles': class 'std::vector<Engine::Sprite,std::allocator<Engine::Sprite>>' necesita tener una interfaz DLL para que la utilicen los clientes de class 'Engine::TileMap'
E:\Ivan\Engine\engine\Engine\Engine\TileMap.h(15): message : vea la declaración de 'std::vector<Engine::Sprite,std::allocator<Engine::Sprite>>'
E:\Ivan\Engine\engine\Engine\Engine\TileMap.h(16,14): warning C4251: 'Engine::TileMap::csvData': class 'std::vector<int,std::allocator<int>>' necesita tener una interfaz DLL para que la utilicen los clientes de class 'Engine::TileMap'
E:\Ivan\Engine\engine\Engine\Engine\TileMap.h(16): message : vea la declaración de 'std::vector<int,std::allocator<int>>'
E:\Ivan\Engine\engine\Engine\Engine\TileMap.h(17,15): warning C4251: 'Engine::TileMap::ID': class 'std::vector<glm::vec2,std::allocator<glm::vec2>>' necesita tener una interfaz DLL para que la utilicen los clientes de class 'Engine::TileMap'
E:\Ivan\Engine\engine\Engine\Engine\TileMap.h(17): message : vea la declaración de 'std::vector<glm::vec2,std::allocator<glm::vec2>>'
  Sprite.cpp
E:\Ivan\Engine\engine\Engine\Engine\Animation.h(13,8): warning C4251: 'Engine::Animation::imageCount': struct 'glm::vec<2,float,glm::packed_highp>' necesita tener una interfaz DLL para que la utilicen los clientes de class 'Engine::Animation'
E:\Ivan\Engine\engine\Engine\libs\glm\fwd.hpp(417): message : vea la declaración de 'glm::vec<2,float,glm::packed_highp>'
E:\Ivan\Engine\engine\Engine\Engine\Animation.h(14,8): warning C4251: 'Engine::Animation::currentImage': struct 'glm::vec<2,float,glm::packed_highp>' necesita tener una interfaz DLL para que la utilicen los clientes de class 'Engine::Animation'
E:\Ivan\Engine\engine\Engine\libs\glm\fwd.hpp(417): message : vea la declaración de 'glm::vec<2,float,glm::packed_highp>'
E:\Ivan\Engine\engine\Engine\Engine\Animation.h(15,8): warning C4251: 'Engine::Animation::finalSize': struct 'glm::vec<2,float,glm::packed_highp>' necesita tener una interfaz DLL para que la utilicen los clientes de class 'Engine::Animation'
E:\Ivan\Engine\engine\Engine\libs\glm\fwd.hpp(417): message : vea la declaración de 'glm::vec<2,float,glm::packed_highp>'
E:\Ivan\Engine\engine\Engine\Engine\Animation.h(27,8): warning C4251: 'Engine::Animation::newTexCoords': struct 'glm::vec<2,float,glm::packed_highp>' necesita tener una interfaz DLL para que la utilicen los clientes de class 'Engine::Animation'
E:\Ivan\Engine\engine\Engine\libs\glm\fwd.hpp(417): message : vea la declaración de 'glm::vec<2,float,glm::packed_highp>'
E:\Ivan\Engine\engine\Engine\Engine\Sprite.h(14,8): warning C4251: 'Engine::Sprite::spriteVertex': struct 'glm::vec<2,float,glm::packed_highp>' necesita tener una interfaz DLL para que la utilicen los clientes de class 'Engine::Sprite'
E:\Ivan\Engine\engine\Engine\libs\glm\fwd.hpp(417): message : vea la declaración de 'glm::vec<2,float,glm::packed_highp>'
  TextureDefine.cpp
  TextureImporter.cpp
E:\Ivan\Engine\engine\Engine\Engine\Renderer.h(38,8): warning C4251: 'Engine::Renderer::view': struct 'glm::mat<4,4,glm::f32,glm::packed_highp>' necesita tener una interfaz DLL para que la utilicen los clientes de class 'Engine::Renderer'
E:\Ivan\Engine\engine\Engine\libs\glm\fwd.hpp(518): message : vea la declaración de 'glm::mat<4,4,glm::f32,glm::packed_highp>'
E:\Ivan\Engine\engine\Engine\Engine\Renderer.h(39,8): warning C4251: 'Engine::Renderer::proj': struct 'glm::mat<4,4,glm::f32,glm::packed_highp>' necesita tener una interfaz DLL para que la utilicen los clientes de class 'Engine::Renderer'
E:\Ivan\Engine\engine\Engine\libs\glm\fwd.hpp(518): message : vea la declaración de 'glm::mat<4,4,glm::f32,glm::packed_highp>'
  Tile.cpp
E:\Ivan\Engine\engine\Engine\Engine\Animation.h(13,8): warning C4251: 'Engine::Animation::imageCount': struct 'glm::vec<2,float,glm::packed_highp>' necesita tener una interfaz DLL para que la utilicen los clientes de class 'Engine::Animation'
E:\Ivan\Engine\engine\Engine\libs\glm\fwd.hpp(417): message : vea la declaración de 'glm::vec<2,float,glm::packed_highp>'
E:\Ivan\Engine\engine\Engine\Engine\Animation.h(14,8): warning C4251: 'Engine::Animation::currentImage': struct 'glm::vec<2,float,glm::packed_highp>' necesita tener una interfaz DLL para que la utilicen los clientes de class 'Engine::Animation'
E:\Ivan\Engine\engine\Engine\libs\glm\fwd.hpp(417): message : vea la declaración de 'glm::vec<2,float,glm::packed_highp>'
E:\Ivan\Engine\engine\Engine\Engine\Animation.h(15,8): warning C4251: 'Engine::Animation::finalSize': struct 'glm::vec<2,float,glm::packed_highp>' necesita tener una interfaz DLL para que la utilicen los clientes de class 'Engine::Animation'
E:\Ivan\Engine\engine\Engine\libs\glm\fwd.hpp(417): message : vea la declaración de 'glm::vec<2,float,glm::packed_highp>'
E:\Ivan\Engine\engine\Engine\Engine\Animation.h(27,8): warning C4251: 'Engine::Animation::newTexCoords': struct 'glm::vec<2,float,glm::packed_highp>' necesita tener una interfaz DLL para que la utilicen los clientes de class 'Engine::Animation'
E:\Ivan\Engine\engine\Engine\libs\glm\fwd.hpp(417): message : vea la declaración de 'glm::vec<2,float,glm::packed_highp>'
E:\Ivan\Engine\engine\Engine\Engine\Tile.h(15,9): warning C4251: 'Engine::Tile::spriteVertex': struct 'glm::vec<2,float,glm::packed_highp>' necesita tener una interfaz DLL para que la utilicen los clientes de class 'Engine::Tile'
E:\Ivan\Engine\engine\Engine\libs\glm\fwd.hpp(417): message : vea la declaración de 'glm::vec<2,float,glm::packed_highp>'
  TileMap.cpp
E:\Ivan\Engine\engine\Engine\Engine\Renderer.h(38,8): warning C4251: 'Engine::Renderer::view': struct 'glm::mat<4,4,glm::f32,glm::packed_highp>' necesita tener una interfaz DLL para que la utilicen los clientes de class 'Engine::Renderer'
E:\Ivan\Engine\engine\Engine\libs\glm\fwd.hpp(518): message : vea la declaración de 'glm::mat<4,4,glm::f32,glm::packed_highp>'
E:\Ivan\Engine\engine\Engine\Engine\Renderer.h(39,8): warning C4251: 'Engine::Renderer::proj': struct 'glm::mat<4,4,glm::f32,glm::packed_highp>' necesita tener una interfaz DLL para que la utilicen los clientes de class 'Engine::Renderer'
E:\Ivan\Engine\engine\Engine\libs\glm\fwd.hpp(518): message : vea la declaración de 'glm::mat<4,4,glm::f32,glm::packed_highp>'
E:\Ivan\Engine\engine\Engine\Engine\Animation.h(13,8): warning C4251: 'Engine::Animation::imageCount': struct 'glm::vec<2,float,glm::packed_highp>' necesita tener una interfaz DLL para que la utilicen los clientes de class 'Engine::Animation'
E:\Ivan\Engine\engine\Engine\libs\glm\fwd.hpp(417): message : vea la declaración de 'glm::vec<2,float,glm::packed_highp>'
E:\Ivan\Engine\engine\Engine\Engine\Animation.h(14,8): warning C4251: 'Engine::Animation::currentImage': struct 'glm::vec<2,float,glm::packed_highp>' necesita tener una interfaz DLL para que la utilicen los clientes de class 'Engine::Animation'
E:\Ivan\Engine\engine\Engine\libs\glm\fwd.hpp(417): message : vea la declaración de 'glm::vec<2,float,glm::packed_highp>'
E:\Ivan\Engine\engine\Engine\Engine\Animation.h(15,8): warning C4251: 'Engine::Animation::finalSize': struct 'glm::vec<2,float,glm::packed_highp>' necesita tener una interfaz DLL para que la utilicen los clientes de class 'Engine::Animation'
E:\Ivan\Engine\engine\Engine\libs\glm\fwd.hpp(417): message : vea la declaración de 'glm::vec<2,float,glm::packed_highp>'
E:\Ivan\Engine\engine\Engine\Engine\Animation.h(27,8): warning C4251: 'Engine::Animation::newTexCoords': struct 'glm::vec<2,float,glm::packed_highp>' necesita tener una interfaz DLL para que la utilicen los clientes de class 'Engine::Animation'
E:\Ivan\Engine\engine\Engine\libs\glm\fwd.hpp(417): message : vea la declaración de 'glm::vec<2,float,glm::packed_highp>'
E:\Ivan\Engine\engine\Engine\Engine\Sprite.h(14,8): warning C4251: 'Engine::Sprite::spriteVertex': struct 'glm::vec<2,float,glm::packed_highp>' necesita tener una interfaz DLL para que la utilicen los clientes de class 'Engine::Sprite'
E:\Ivan\Engine\engine\Engine\libs\glm\fwd.hpp(417): message : vea la declaración de 'glm::vec<2,float,glm::packed_highp>'
E:\Ivan\Engine\engine\Engine\Engine\Tile.h(15,9): warning C4251: 'Engine::Tile::spriteVertex': struct 'glm::vec<2,float,glm::packed_highp>' necesita tener una interfaz DLL para que la utilicen los clientes de class 'Engine::Tile'
E:\Ivan\Engine\engine\Engine\libs\glm\fwd.hpp(417): message : vea la declaración de 'glm::vec<2,float,glm::packed_highp>'
E:\Ivan\Engine\engine\Engine\Engine\TileMap.h(15,17): warning C4251: 'Engine::TileMap::tiles': class 'std::vector<Engine::Sprite,std::allocator<Engine::Sprite>>' necesita tener una interfaz DLL para que la utilicen los clientes de class 'Engine::TileMap'
E:\Ivan\Engine\engine\Engine\Engine\TileMap.h(15): message : vea la declaración de 'std::vector<Engine::Sprite,std::allocator<Engine::Sprite>>'
E:\Ivan\Engine\engine\Engine\Engine\TileMap.h(16,14): warning C4251: 'Engine::TileMap::csvData': class 'std::vector<int,std::allocator<int>>' necesita tener una interfaz DLL para que la utilicen los clientes de class 'Engine::TileMap'
E:\Ivan\Engine\engine\Engine\Engine\TileMap.h(16): message : vea la declaración de 'std::vector<int,std::allocator<int>>'
E:\Ivan\Engine\engine\Engine\Engine\TileMap.h(17,15): warning C4251: 'Engine::TileMap::ID': class 'std::vector<glm::vec2,std::allocator<glm::vec2>>' necesita tener una interfaz DLL para que la utilicen los clientes de class 'Engine::TileMap'
E:\Ivan\Engine\engine\Engine\Engine\TileMap.h(17): message : vea la declaración de 'std::vector<glm::vec2,std::allocator<glm::vec2>>'
E:\Ivan\Engine\engine\Engine\Engine\TileMap.cpp(17,13): warning C4244: 'inicializando': conversión de 'T' a 'int'; posible pérdida de datos
          with
          [
              T=float
          ]
E:\Ivan\Engine\engine\Engine\Engine\TileMap.cpp(46,20): warning C4244: '+=': conversión de 'T' a 'int'; posible pérdida de datos
          with
          [
              T=float
          ]
E:\Ivan\Engine\engine\Engine\Engine\TileMap.cpp(72,20): warning C4018: '<': no coinciden signed/unsigned
E:\Ivan\Engine\engine\Engine\Engine\TileMap.cpp(78,20): warning C4018: '<': no coinciden signed/unsigned
  Triangle.cpp
  Window.cpp
E:\Ivan\Engine\engine\Engine\Engine\Renderer.h(38,8): warning C4251: 'Engine::Renderer::view': struct 'glm::mat<4,4,glm::f32,glm::packed_highp>' necesita tener una interfaz DLL para que la utilicen los clientes de class 'Engine::Renderer'
E:\Ivan\Engine\engine\Engine\libs\glm\fwd.hpp(518): message : vea la declaración de 'glm::mat<4,4,glm::f32,glm::packed_highp>'
E:\Ivan\Engine\engine\Engine\Engine\Renderer.h(39,8): warning C4251: 'Engine::Renderer::proj': struct 'glm::mat<4,4,glm::f32,glm::packed_highp>' necesita tener una interfaz DLL para que la utilicen los clientes de class 'Engine::Renderer'
E:\Ivan\Engine\engine\Engine\libs\glm\fwd.hpp(518): message : vea la declaración de 'glm::mat<4,4,glm::f32,glm::packed_highp>'
E:\Ivan\Engine\engine\Engine\Engine\Animation.h(13,8): warning C4251: 'Engine::Animation::imageCount': struct 'glm::vec<2,float,glm::packed_highp>' necesita tener una interfaz DLL para que la utilicen los clientes de class 'Engine::Animation'
E:\Ivan\Engine\engine\Engine\libs\glm\fwd.hpp(417): message : vea la declaración de 'glm::vec<2,float,glm::packed_highp>'
E:\Ivan\Engine\engine\Engine\Engine\Animation.h(14,8): warning C4251: 'Engine::Animation::currentImage': struct 'glm::vec<2,float,glm::packed_highp>' necesita tener una interfaz DLL para que la utilicen los clientes de class 'Engine::Animation'
E:\Ivan\Engine\engine\Engine\libs\glm\fwd.hpp(417): message : vea la declaración de 'glm::vec<2,float,glm::packed_highp>'
E:\Ivan\Engine\engine\Engine\Engine\Animation.h(15,8): warning C4251: 'Engine::Animation::finalSize': struct 'glm::vec<2,float,glm::packed_highp>' necesita tener una interfaz DLL para que la utilicen los clientes de class 'Engine::Animation'
E:\Ivan\Engine\engine\Engine\libs\glm\fwd.hpp(417): message : vea la declaración de 'glm::vec<2,float,glm::packed_highp>'
E:\Ivan\Engine\engine\Engine\Engine\Animation.h(27,8): warning C4251: 'Engine::Animation::newTexCoords': struct 'glm::vec<2,float,glm::packed_highp>' necesita tener una interfaz DLL para que la utilicen los clientes de class 'Engine::Animation'
E:\Ivan\Engine\engine\Engine\libs\glm\fwd.hpp(417): message : vea la declaración de 'glm::vec<2,float,glm::packed_highp>'
E:\Ivan\Engine\engine\Engine\Engine\Sprite.h(14,8): warning C4251: 'Engine::Sprite::spriteVertex': struct 'glm::vec<2,float,glm::packed_highp>' necesita tener una interfaz DLL para que la utilicen los clientes de class 'Engine::Sprite'
E:\Ivan\Engine\engine\Engine\libs\glm\fwd.hpp(417): message : vea la declaración de 'glm::vec<2,float,glm::packed_highp>'
E:\Ivan\Engine\engine\Engine\Engine\Tile.h(15,9): warning C4251: 'Engine::Tile::spriteVertex': struct 'glm::vec<2,float,glm::packed_highp>' necesita tener una interfaz DLL para que la utilicen los clientes de class 'Engine::Tile'
E:\Ivan\Engine\engine\Engine\libs\glm\fwd.hpp(417): message : vea la declaración de 'glm::vec<2,float,glm::packed_highp>'
E:\Ivan\Engine\engine\Engine\Engine\TileMap.h(15,17): warning C4251: 'Engine::TileMap::tiles': class 'std::vector<Engine::Sprite,std::allocator<Engine::Sprite>>' necesita tener una interfaz DLL para que la utilicen los clientes de class 'Engine::TileMap'
E:\Ivan\Engine\engine\Engine\Engine\TileMap.h(15): message : vea la declaración de 'std::vector<Engine::Sprite,std::allocator<Engine::Sprite>>'
E:\Ivan\Engine\engine\Engine\Engine\TileMap.h(16,14): warning C4251: 'Engine::TileMap::csvData': class 'std::vector<int,std::allocator<int>>' necesita tener una interfaz DLL para que la utilicen los clientes de class 'Engine::TileMap'
E:\Ivan\Engine\engine\Engine\Engine\TileMap.h(16): message : vea la declaración de 'std::vector<int,std::allocator<int>>'
E:\Ivan\Engine\engine\Engine\Engine\TileMap.h(17,15): warning C4251: 'Engine::TileMap::ID': class 'std::vector<glm::vec2,std::allocator<glm::vec2>>' necesita tener una interfaz DLL para que la utilicen los clientes de class 'Engine::TileMap'
E:\Ivan\Engine\engine\Engine\Engine\TileMap.h(17): message : vea la declaración de 'std::vector<glm::vec2,std::allocator<glm::vec2>>'
  Generando código...
E:\Ivan\Engine\engine\Engine\Engine\Window.cpp(42): warning C4715: 'Engine::Window::Open': no todas las rutas de acceso de control devuelven un valor
     Creando biblioteca E:\Ivan\Engine\engine\Engine\Debug\Engine.lib y objeto E:\Ivan\Engine\engine\Engine\Debug\Engine.exp
LINK : warning LNK4098: la biblioteca predeterminada'LIBCMT' entra en conflicto con otras bibliotecas; use la biblioteca /NODEFAULTLIB:biblioteca
LINK : warning LNK4098: la biblioteca predeterminada'MSVCRT' entra en conflicto con otras bibliotecas; use la biblioteca /NODEFAULTLIB:biblioteca
glew32s.lib(glew.obj) : warning LNK4099: no se encontró PDB 'vc120.pdb' con 'glew32s.lib(glew.obj)' o en 'E:\Ivan\Engine\engine\Engine\Debug\vc120.pdb'; se vinculará el objeto sin tener en cuenta información de depuración
  Engine.vcxproj -> E:\Ivan\Engine\engine\Engine\Debug\Engine.dll
